<?xml version="1.0" encoding="UTF-8"?>
<testng-results skipped="0" failed="0" total="3" passed="3">
  <reporter-output>
  </reporter-output>
  <suite name="Command line suite" duration-ms="30" started-at="2016-08-25T10:53:25Z" finished-at="2016-08-25T10:53:25Z">
    <groups>
    </groups>
    <test name="Command line test" duration-ms="30" started-at="2016-08-25T10:53:25Z" finished-at="2016-08-25T10:53:25Z">
      <class name="jenk.jenkmavTest">
        <test-method status="PASS" signature="f()[pri:0, instance:jenk.jenkmavTest@1f37ef1]" name="f" duration-ms="12" started-at="2016-08-25T16:23:25Z" finished-at="2016-08-25T16:23:25Z">
          <reporter-output>
          </reporter-output>
        </test-method> <!-- f -->
        <test-method status="PASS" signature="newfunc()[pri:0, instance:jenk.jenkmavTest@1f37ef1]" name="newfunc" duration-ms="0" started-at="2016-08-25T16:23:25Z" finished-at="2016-08-25T16:23:25Z">
          <reporter-output>
          </reporter-output>
        </test-method> <!-- newfunc -->
      </class> <!-- jenk.jenkmavTest -->
      <class name="jenk.secondlassTest">
        <test-method status="PASS" signature="f()[pri:0, instance:jenk.secondlassTest@1417077]" name="f" duration-ms="0" started-at="2016-08-25T16:23:25Z" finished-at="2016-08-25T16:23:25Z">
          <reporter-output>
          </reporter-output>
        </test-method> <!-- f -->
      </class> <!-- jenk.secondlassTest -->
    </test> <!-- Command line test -->
  </suite> <!-- Command line suite -->
</testng-results>
