<?xml version="1.0" encoding="UTF-8"?>
<testng-results skipped="0" failed="0" total="3" passed="3">
  <reporter-output>
  </reporter-output>
  <suite name="Suite" duration-ms="62" started-at="2016-08-25T10:53:52Z" finished-at="2016-08-25T10:53:52Z">
    <groups>
    </groups>
    <test name="Test" duration-ms="62" started-at="2016-08-25T10:53:52Z" finished-at="2016-08-25T10:53:52Z">
      <class name="jenk.jenkmavTest">
        <test-method status="PASS" signature="f()[pri:0, instance:jenk.jenkmavTest@1081592]" name="f" duration-ms="25" started-at="2016-08-25T16:23:52Z" finished-at="2016-08-25T16:23:52Z">
          <reporter-output>
          </reporter-output>
        </test-method> <!-- f -->
        <test-method status="PASS" signature="newfunc()[pri:0, instance:jenk.jenkmavTest@1081592]" name="newfunc" duration-ms="0" started-at="2016-08-25T16:23:52Z" finished-at="2016-08-25T16:23:52Z">
          <reporter-output>
          </reporter-output>
        </test-method> <!-- newfunc -->
      </class> <!-- jenk.jenkmavTest -->
      <class name="jenk.secondlassTest">
        <test-method status="PASS" signature="f()[pri:0, instance:jenk.secondlassTest@ee68d8]" name="f" duration-ms="0" started-at="2016-08-25T16:23:52Z" finished-at="2016-08-25T16:23:52Z">
          <reporter-output>
          </reporter-output>
        </test-method> <!-- f -->
      </class> <!-- jenk.secondlassTest -->
    </test> <!-- Test -->
  </suite> <!-- Suite -->
</testng-results>
